2025-10-03 13:47:48,699 - INFO - ============================================================
2025-10-03 13:47:48,700 - INFO - File Janitor started
2025-10-03 13:47:48,701 - INFO - ============================================================
2025-10-03 13:47:48,701 - INFO - [SCAN] Scanned folder: /test/folder - Found 150 files
2025-10-03 13:47:48,702 - ERROR - [SCAN_ERROR] FAILED: Error 1
2025-10-03 13:47:48,702 - ERROR - [SCAN_ERROR] FAILED: Error 2
2025-10-03 13:47:48,702 - INFO - [AI_ANALYSIS] Analyzed 150 files - Generated 5 clusters
2025-10-03 13:47:48,703 - ERROR - [AI_ANALYSIS] FAILED: Failed to analyze 100 files: API quota exceeded
2025-10-03 13:47:48,703 - INFO - [PLAN_CREATION] Created plan: 5 folders, 150 operations
2025-10-03 13:47:48,704 - ERROR - [PLAN_EXECUTION] FAILED: [EXECUTION] Folders: 5, Completed: 145, Failed: 5
2025-10-03 13:47:48,704 - INFO -   Created folder: documents
2025-10-03 13:47:48,704 - INFO -   Moved: file1.txt -> documents/file1.txt
2025-10-03 13:47:48,704 - ERROR -   [ERROR] Failed to move file2.txt
2025-10-03 13:47:48,704 - ERROR - [TEST_ERROR] FAILED: This is a test error message
2025-10-03 14:36:06,182 - INFO - ============================================================
2025-10-03 14:36:06,182 - INFO - File Janitor started
2025-10-03 14:36:06,182 - INFO - ============================================================
2025-10-03 14:36:17,386 - INFO - ============================================================
2025-10-03 14:36:17,387 - INFO - File Janitor started
2025-10-03 14:36:17,387 - INFO - ============================================================
2025-10-03 14:36:17,387 - INFO - [TEST] Test operation
2025-10-03 14:36:17,387 - INFO - [SCAN] Scanned folder: /test/path - Found 10 files
2025-10-03 14:36:17,387 - INFO - [AI_ANALYSIS] Analyzed 5 files - Generated 2 clusters
2025-10-03 14:37:42,797 - INFO - ============================================================
2025-10-03 14:37:42,797 - INFO - File Janitor started
2025-10-03 14:37:42,797 - INFO - ============================================================
2025-10-03 14:37:46,759 - INFO - ============================================================
2025-10-03 14:37:46,760 - INFO - File Janitor started
2025-10-03 14:37:46,760 - INFO - ============================================================
2025-10-03 14:37:46,760 - INFO - [TEST] Test operation
2025-10-03 14:37:46,760 - INFO - [SCAN] Scanned folder: /test/path - Found 10 files
2025-10-03 14:37:46,760 - INFO - [AI_ANALYSIS] Analyzed 5 files - Generated 2 clusters
2025-10-03 14:38:29,349 - INFO - ============================================================
2025-10-03 14:38:29,350 - INFO - File Janitor started
2025-10-03 14:38:29,350 - INFO - ============================================================
2025-10-03 14:38:33,113 - INFO - ============================================================
2025-10-03 14:38:33,114 - INFO - File Janitor started
2025-10-03 14:38:33,114 - INFO - ============================================================
2025-10-03 14:38:33,114 - INFO - [TEST] Test operation
2025-10-03 14:38:33,114 - INFO - [SCAN] Scanned folder: /test/path - Found 10 files
2025-10-03 14:38:33,114 - INFO - [AI_ANALYSIS] Analyzed 5 files - Generated 2 clusters
2025-10-03 14:47:41,920 - INFO - ============================================================
2025-10-03 14:47:41,921 - INFO - File Janitor started
2025-10-03 14:47:41,921 - INFO - ============================================================
2025-10-03 14:47:46,897 - INFO - ============================================================
2025-10-03 14:47:46,897 - INFO - File Janitor started
2025-10-03 14:47:46,897 - INFO - ============================================================
2025-10-03 14:47:46,898 - INFO - [TEST] Test operation
2025-10-03 14:47:46,898 - INFO - [SCAN] Scanned folder: /test/path - Found 10 files
2025-10-03 14:47:46,898 - INFO - [AI_ANALYSIS] Analyzed 5 files - Generated 2 clusters
2025-10-03 14:51:10,956 - INFO - ============================================================
2025-10-03 14:51:10,957 - INFO - File Janitor started
2025-10-03 14:51:10,957 - INFO - ============================================================
2025-10-03 14:51:14,673 - INFO - ============================================================
2025-10-03 14:51:14,673 - INFO - File Janitor started
2025-10-03 14:51:14,673 - INFO - ============================================================
2025-10-03 14:51:14,674 - INFO - [TEST] Test operation
2025-10-03 14:51:14,674 - INFO - [SCAN] Scanned folder: /test/path - Found 10 files
2025-10-03 14:51:14,674 - INFO - [AI_ANALYSIS] Analyzed 5 files - Generated 2 clusters
2025-10-03 14:51:29,549 - INFO - ============================================================
2025-10-03 14:51:29,550 - INFO - File Janitor started
2025-10-03 14:51:29,550 - INFO - ============================================================
